<?xml version="1.0" encoding="UTF-8"?>
<testsuite xmlns:xsi="http://www.w3.org/2001/XMLSchema-instance" xsi:noNamespaceSchemaLocation="https://maven.apache.org/surefire/maven-surefire-plugin/xsd/surefire-test-report-3.0.xsd" version="3.0" name="com.notesapp.NotesAppTest" time="0.157" tests="3" errors="0" skipped="0" failures="0">
  <properties>
[...]
</properties>
  <testcase name="testDeleteNote" classname="com.notesapp.NotesAppTest" time="0.143">
    <system-out><![CDATA[Setting up test...
Saving 1 notes to notes.json
Successfully saved notes to notes.json
Saving 2 notes to notes.json
Successfully saved notes to notes.json
Deleting note: Test Note 1
Saving 1 notes to notes.json
Successfully saved notes to notes.json
Saving 1 notes to deleted_notes.json
Successfully saved notes to deleted_notes.json
Note added to deleted notes list. Total deleted notes: 1
Tearing down test...
]]></system-out>
  </testcase>
  <testcase name="testNotesFileIsCreated" classname="com.notesapp.NotesAppTest" time="0.003">
    <system-out><![CDATA[Setting up test...
Saving 1 notes to notes.json
Successfully saved notes to notes.json
Tearing down test...
]]></system-out>
  </testcase>
  <testcase name="testSaveAndLoadNotes" classname="com.notesapp.NotesAppTest" time="0.002">
    <system-out><![CDATA[Setting up test...
Saving 1 notes to notes.json
Successfully saved notes to notes.json
Saving 2 notes to notes.json
Successfully saved notes to notes.json
Tearing down test...
]]></system-out>
  </testcase>
</testsuite>